[INFO ] 2022-02-25 12:33:16.149 [main] IdWorker - Id worker starting. Timestamp left shift 22, datacenter id bits 5, worker id bits 5, sequence bits 12, workerid 1
[INFO ] 2022-02-25 12:33:16.776 [main] IdWorker - Id worker starting. Timestamp left shift 22, datacenter id bits 5, worker id bits 5, sequence bits 12, workerid 1
[INFO ] 2022-02-25 12:33:17.525 [app-akka.actor.default-dispatcher-3] Slf4jLogger - Slf4jLogger started
[INFO ] 2022-02-25 12:33:17.922 [main] HikariDataSource - persistence.slick-postgres.db - Starting...
[INFO ] 2022-02-25 12:33:17.938 [main] HikariDataSource - persistence.slick-postgres.db - Start completed.
[INFO ] 2022-02-25 12:33:17.994 [main] SchedulerSignalerImpl - Initialized Scheduler Signaller of type: class org.quartz.core.SchedulerSignalerImpl
[INFO ] 2022-02-25 12:33:17.997 [main] QuartzScheduler - Quartz Scheduler v.2.3.2 created.
[INFO ] 2022-02-25 12:33:18.001 [main] RAMJobStore - RAMJobStore initialized.
[INFO ] 2022-02-25 12:33:18.002 [main] QuartzScheduler - Scheduler meta-data: Quartz Scheduler (v2.3.2) 'QuartzScheduler~app' with instanceId 'app'
  Scheduler class: 'org.quartz.core.QuartzScheduler' - running locally.
  NOT STARTED.
  Currently in standby mode.
  Number of jobs executed: 0
  Using thread pool 'org.quartz.simpl.SimpleThreadPool' - with 1 threads.
  Using job-store 'org.quartz.simpl.RAMJobStore' - which does not support persistence. and is not clustered.

[INFO ] 2022-02-25 12:33:18.002 [main] DirectSchedulerFactory - Quartz scheduler 'QuartzScheduler~app
[INFO ] 2022-02-25 12:33:18.002 [main] DirectSchedulerFactory - Quartz scheduler version: 2.3.2
[INFO ] 2022-02-25 12:33:18.003 [main] QuartzScheduler - Scheduler QuartzScheduler~app_$_app started.
[INFO ] 2022-02-25 12:33:18.012 [app-akka.actor.default-dispatcher-3] QuartzSchedulerTypedExtension - Initialized calendars: 
[INFO ] 2022-02-25 12:33:18.877 [app-akka.actor.default-dispatcher-3] QuartzSchedulerTypedExtension - Setting up scheduled job 'Every5Seconds', with 'com.typesafe.akka.extension.quartz.QuartzCronSchedule@118cbded'
[INFO ] 2022-02-25 12:33:51.727 [main] IdWorker - Id worker starting. Timestamp left shift 22, datacenter id bits 5, worker id bits 5, sequence bits 12, workerid 1
[INFO ] 2022-02-25 12:33:52.422 [main] IdWorker - Id worker starting. Timestamp left shift 22, datacenter id bits 5, worker id bits 5, sequence bits 12, workerid 1
